<?xml version="1.0" encoding="UTF-8"?>
<!-- Generated by org.testng.reporters.JUnitReportReporter -->
<testsuite skipped="0" hostname="Abhirami-PC" name="com.testng.maven.tests.AppTest" tests="6" failures="0" timestamp="31 Jan 2020 19:37:05 GMT" time="55.330" errors="0">
  <testcase name="test3" time="7.658" classname="com.testng.maven.tests.AppTest"/>
  <testcase name="test4" time="6.999" classname="com.testng.maven.tests.AppTest"/>
  <testcase name="test5" time="15.168" classname="com.testng.maven.tests.AppTest"/>
  <testcase name="test6" time="10.554" classname="com.testng.maven.tests.AppTest"/>
  <testcase name="test1" time="7.721" classname="com.testng.maven.tests.AppTest"/>
  <testcase name="test2" time="7.230" classname="com.testng.maven.tests.AppTest"/>
</testsuite> <!-- com.testng.maven.tests.AppTest -->
